2022-12-24 10:51:36 DEBUG TelegramBotController:33 - Bot loh!
2022-12-24 10:55:15 DEBUG TelegramBotController:33 - Bot loh 2
2022-12-24 11:02:58 DEBUG TelegramBotController:35 - Hello from kuhnya!
2022-12-24 11:02:59 ERROR TelegramBotController:49 - org.telegram.telegrambots.meta.exceptions.TelegramApiRequestException: Unable to deserialize response
2022-12-26 19:21:32 DEBUG TelegramBotController:48 - Test
2022-12-26 19:28:39 DEBUG TelegramBotController:48 - Test
2022-12-26 19:28:45 DEBUG TelegramBotController:48 - ❤️
2022-12-26 19:40:51 DEBUG TelegramBotController:48 - public static final String DOC_MESSAGE_UPDATE = "doc_message_update";
    public static final String PHOTO_MESSAGE_UPDATE = "photo_message_update";
    public static final String TEXT_MESSAGE_UPDATE = "text_message_update";
    public static final String ANSWER_MESSAGE = "answer_message";
2022-12-26 19:57:46 DEBUG UpdateProducerImpl:14 - Test
2022-12-26 19:58:21 ERROR UpdateController:39 - Unsupported message type is received: Update(updateId=898723773, message=null, inlineQuery=null, chosenInlineQuery=null, callbackQuery=null, editedMessage=Message(messageId=17, from=User(id=1543272870, firstName=Alexey, isBot=false, lastName=Mir, userName=alexeymirni, languageCode=ru, canJoinGroups=null, canReadAllGroupMessages=null, supportInlineQueries=null, isPremium=null, addedToAttachmentMenu=null), date=1672073866, chat=Chat(id=1543272870, type=private, title=null, firstName=Alexey, lastName=Mir, userName=alexeymirni, photo=null, description=null, inviteLink=null, pinnedMessage=null, stickerSetName=null, canSetStickerSet=null, permissions=null, slowModeDelay=null, bio=null, linkedChatId=null, location=null, messageAutoDeleteTime=null, hasPrivateForwards=null, HasProtectedContent=null, joinToSendMessages=null, joinByRequest=null), forwardFrom=null, forwardFromChat=null, forwardDate=null, text=Test2, entities=null, captionEntities=null, audio=null, document=null, photo=null, sticker=null, video=null, contact=null, location=null, venue=null, animation=null, pinnedMessage=null, newChatMembers=[], leftChatMember=null, newChatTitle=null, newChatPhoto=null, deleteChatPhoto=null, groupchatCreated=null, replyToMessage=null, voice=null, caption=null, superGroupCreated=null, channelChatCreated=null, migrateToChatId=null, migrateFromChatId=null, editDate=1672073901, game=null, forwardFromMessageId=null, invoice=null, successfulPayment=null, videoNote=null, authorSignature=null, forwardSignature=null, mediaGroupId=null, connectedWebsite=null, passportData=null, forwardSenderName=null, poll=null, replyMarkup=null, dice=null, viaBot=null, senderChat=null, proximityAlertTriggered=null, messageAutoDeleteTimerChanged=null, isAutomaticForward=null, hasProtectedContent=null, webAppData=null, videoChatStarted=null, videoChatEnded=null, videoChatParticipantsInvited=null, videoChatScheduled=null), channelPost=null, editedChannelPost=null, shippingQuery=null, preCheckoutQuery=null, poll=null, pollAnswer=null, myChatMember=null, chatMember=null, chatJoinRequest=null)
2022-12-26 19:59:13 DEBUG UpdateProducerImpl:14 - 
2022-12-26 19:59:25 DEBUG UpdateProducerImpl:14 - 
2022-12-27 09:44:29 DEBUG UpdateProducerImpl:22 - Hello 1
2022-12-27 09:45:46 DEBUG UpdateProducerImpl:22 - Hello 2
2022-12-27 10:28:38 DEBUG UpdateProducerImpl:22 - Hello from kuhniya
2022-12-27 17:54:47 DEBUG UpdateProducerImpl:22 - <dependency>
            <groupId>org.springframework.boot</groupId>
            <artifactId>spring-boot-starter-data-jpa</artifactId>
        </dependency>

        <dependency>
            <groupId>org.postgresql</groupId>
            <artifactId>postgresql</artifactId>
            <version>42.2.18</version>
        </dependency>

        <dependency>
            <groupId>com.vladmihalcea</groupId>
            <artifactId>hibernate-types-52</artifactId>
            <version>2.2.2</version>
        </dependency>
2022-12-27 17:54:47 DEBUG UpdateProducerImpl:22 - spring.datasource.url=jdbc:postgresql://localhost:5432/pogreb
spring.datasource.username=userok
spring.datasource.password=p@ssw0rd
spring.jpa.generate-ddl=true
2022-12-27 18:02:04 DEBUG UpdateProducerImpl:22 - Test
2022-12-28 12:40:03 DEBUG UpdateProducerImpl:22 - Hi!
2022-12-29 10:25:06 ERROR UpdateController:39 - Unsupported message type is received: Update(updateId=898723783, message=null, inlineQuery=null, chosenInlineQuery=null, callbackQuery=null, editedMessage=null, channelPost=null, editedChannelPost=null, shippingQuery=null, preCheckoutQuery=null, poll=null, pollAnswer=null, myChatMember=ChatMemberUpdated(chat=Chat(id=1543272870, type=private, title=null, firstName=Alexey, lastName=Mir, userName=alexeymirni, photo=null, description=null, inviteLink=null, pinnedMessage=null, stickerSetName=null, canSetStickerSet=null, permissions=null, slowModeDelay=null, bio=null, linkedChatId=null, location=null, messageAutoDeleteTime=null, hasPrivateForwards=null, HasProtectedContent=null, joinToSendMessages=null, joinByRequest=null), from=User(id=1543272870, firstName=Alexey, isBot=false, lastName=Mir, userName=alexeymirni, languageCode=ru, canJoinGroups=null, canReadAllGroupMessages=null, supportInlineQueries=null, isPremium=null, addedToAttachmentMenu=null), date=1672298706, oldChatMember=ChatMemberMember(status=member, user=User(id=5882603282, firstName=TeleStorage, isBot=true, lastName=null, userName=tele_storage_bot, languageCode=null, canJoinGroups=null, canReadAllGroupMessages=null, supportInlineQueries=null, isPremium=null, addedToAttachmentMenu=null)), newChatMember=ChatMemberBanned(status=kicked, user=User(id=5882603282, firstName=TeleStorage, isBot=true, lastName=null, userName=tele_storage_bot, languageCode=null, canJoinGroups=null, canReadAllGroupMessages=null, supportInlineQueries=null, isPremium=null, addedToAttachmentMenu=null), untilDate=0), inviteLink=null), chatMember=null, chatJoinRequest=null)
2022-12-29 10:25:08 ERROR UpdateController:39 - Unsupported message type is received: Update(updateId=898723784, message=null, inlineQuery=null, chosenInlineQuery=null, callbackQuery=null, editedMessage=null, channelPost=null, editedChannelPost=null, shippingQuery=null, preCheckoutQuery=null, poll=null, pollAnswer=null, myChatMember=ChatMemberUpdated(chat=Chat(id=1543272870, type=private, title=null, firstName=Alexey, lastName=Mir, userName=alexeymirni, photo=null, description=null, inviteLink=null, pinnedMessage=null, stickerSetName=null, canSetStickerSet=null, permissions=null, slowModeDelay=null, bio=null, linkedChatId=null, location=null, messageAutoDeleteTime=null, hasPrivateForwards=null, HasProtectedContent=null, joinToSendMessages=null, joinByRequest=null), from=User(id=1543272870, firstName=Alexey, isBot=false, lastName=Mir, userName=alexeymirni, languageCode=ru, canJoinGroups=null, canReadAllGroupMessages=null, supportInlineQueries=null, isPremium=null, addedToAttachmentMenu=null), date=1672298708, oldChatMember=ChatMemberBanned(status=kicked, user=User(id=5882603282, firstName=TeleStorage, isBot=true, lastName=null, userName=tele_storage_bot, languageCode=null, canJoinGroups=null, canReadAllGroupMessages=null, supportInlineQueries=null, isPremium=null, addedToAttachmentMenu=null), untilDate=0), newChatMember=ChatMemberMember(status=member, user=User(id=5882603282, firstName=TeleStorage, isBot=true, lastName=null, userName=tele_storage_bot, languageCode=null, canJoinGroups=null, canReadAllGroupMessages=null, supportInlineQueries=null, isPremium=null, addedToAttachmentMenu=null)), inviteLink=null), chatMember=null, chatJoinRequest=null)
2022-12-29 10:25:08 DEBUG UpdateProducerImpl:22 - /start
2022-12-29 10:25:22 DEBUG UpdateProducerImpl:22 - /help
2022-12-29 10:26:01 DEBUG UpdateProducerImpl:22 - /registration
2022-12-29 10:26:06 DEBUG UpdateProducerImpl:22 - /cancel
2022-12-29 10:26:18 DEBUG UpdateProducerImpl:22 - /some
2022-12-29 10:26:53 DEBUG UpdateProducerImpl:22 - 
2023-01-13 10:53:30 DEBUG UpdateProducerImpl:22 - Ghbdtn
2023-01-13 10:53:49 DEBUG UpdateProducerImpl:22 - Тест
2023-01-13 10:54:13 DEBUG UpdateProducerImpl:22 - /some
2023-01-13 10:55:41 DEBUG UpdateProducerImpl:22 - 
2023-01-13 12:00:40 DEBUG UpdateProducerImpl:22 - package ru.relex.service.enums;

public enum ServiceCommand {
    HELP("/help"),
    REGISTRATION("/registration"),
    CANCEL("/cancel"),
    START("/start");
    private final String value;

    ServiceCommand(String value) {
        this.value = value;
    }

    @Override
    public String toString() {
  return value;
    }

    public static ServiceCommand fromValue(String v) {
        for (ServiceCommand c: ServiceCommand.values()) {
            if (c.value.equals(v)) {
                return c;
            }
        }
        return null;
    }
}
2023-01-13 12:06:55 DEBUG UpdateProducerImpl:22 - tect
2023-01-13 12:07:00 DEBUG UpdateProducerImpl:22 - /help
2023-01-13 12:07:15 DEBUG UpdateProducerImpl:22 - /help
2023-01-13 12:10:21 DEBUG UpdateProducerImpl:22 - тест
2023-01-13 12:12:09 DEBUG UpdateProducerImpl:22 - /help
2023-01-13 12:14:10 DEBUG UpdateProducerImpl:22 - /help
2023-01-13 12:15:25 DEBUG UpdateProducerImpl:22 - /help
2023-01-13 12:16:58 DEBUG UpdateProducerImpl:22 - /help
2023-01-13 12:25:15 DEBUG UpdateProducerImpl:22 - 
2023-01-13 12:26:34 DEBUG UpdateProducerImpl:22 - 
